<?xml version="1.0" encoding="UTF-8"?>
<!-- Generated by org.testng.reporters.JUnitReportReporter -->
<testsuite hostname="Hari-PC" name="com.hcl.TestProject.test.HomeControllerTest" tests="3" failures="0" timestamp="31 Jan 2017 15:47:32 GMT" time="0.086" errors="0">
  <testcase name="testString" time="0.006" classname="com.hcl.TestProject.test.HomeControllerTest"/>
  <testcase name="homeTesting" time="0.009" classname="com.hcl.TestProject.test.HomeControllerTest"/>
  <testcase name="testHome" time="0.071" classname="com.hcl.TestProject.test.HomeControllerTest"/>
</testsuite> <!-- com.hcl.TestProject.test.HomeControllerTest -->
