<?xml version="1.0" encoding="UTF-8"?>
<!-- Generated by org.testng.reporters.JUnitReportReporter -->
<testsuite hostname="Hari-PC" name="com.hcl.TestProject.HomeControllerTest" tests="3" failures="0" timestamp="26 Jan 2017 07:57:35 GMT" time="0.120" errors="0">
  <testcase name="testString" time="0.005" classname="com.hcl.TestProject.HomeControllerTest"/>
  <testcase name="testHome" time="0.080" classname="com.hcl.TestProject.HomeControllerTest"/>
  <testcase name="homeTesting" time="0.035" classname="com.hcl.TestProject.HomeControllerTest"/>
</testsuite> <!-- com.hcl.TestProject.HomeControllerTest -->
