<?xml version="1.0" encoding="UTF-8"?>
<!-- Generated by org.testng.reporters.JUnitReportReporter -->
<testsuite hostname="Hari-PC" name="com.hcl.TestProject.test.HomeControllerTest" tests="3" failures="0" timestamp="2 Feb 2017 17:22:29 GMT" time="0.214" errors="0">
  <testcase name="testString" time="0.001" classname="com.hcl.TestProject.test.HomeControllerTest"/>
  <testcase name="homeTesting" time="0.109" classname="com.hcl.TestProject.test.HomeControllerTest"/>
  <testcase name="testHome" time="0.104" classname="com.hcl.TestProject.test.HomeControllerTest"/>
</testsuite> <!-- com.hcl.TestProject.test.HomeControllerTest -->
