<?xml version="1.0" encoding="UTF-8"?>
<!-- Generated by org.testng.reporters.JUnitReportReporter -->
<testsuite hostname="Hari-PC" name="com.hcl.TestProject.test.controller.UserAccessControllerTest" tests="4" failures="0" timestamp="27 Jan 2017 10:32:53 GMT" time="0.005" errors="0">
  <testcase name="testUpdateUser" time="0.003" classname="com.hcl.TestProject.test.controller.UserAccessControllerTest"/>
  <testcase name="testUpdateUser1" time="0.000" classname="com.hcl.TestProject.test.controller.UserAccessControllerTest"/>
  <testcase name="testUserService" time="0.001" classname="com.hcl.TestProject.test.controller.UserAccessControllerTest"/>
  <testcase name="testClass" time="0.001" classname="com.hcl.TestProject.test.controller.UserAccessControllerTest"/>
</testsuite> <!-- com.hcl.TestProject.test.controller.UserAccessControllerTest -->
