<?xml version="1.0" encoding="UTF-8"?>
<!-- Generated by org.testng.reporters.JUnitReportReporter -->
<testsuite hostname="Hari-PC" name="com.hcl.TestProject.test.HomeControllerTest" tests="3" failures="0" timestamp="2 Feb 2017 15:17:58 GMT" time="0.062" errors="0">
  <testcase name="homeTesting" time="0.007" classname="com.hcl.TestProject.test.HomeControllerTest"/>
  <testcase name="testString" time="0.000" classname="com.hcl.TestProject.test.HomeControllerTest"/>
  <testcase name="testHome" time="0.055" classname="com.hcl.TestProject.test.HomeControllerTest"/>
</testsuite> <!-- com.hcl.TestProject.test.HomeControllerTest -->
