<?xml version="1.0" encoding="UTF-8"?>
<!-- Generated by org.testng.reporters.JUnitReportReporter -->
<testsuite hostname="Hari-PC" name="com.hcl.TestProject.test.controller.UserAccessControllerTest" tests="4" failures="0" timestamp="2 Feb 2017 15:17:58 GMT" time="0.513" errors="0">
  <testcase name="testUpdateUser" time="0.405" classname="com.hcl.TestProject.test.controller.UserAccessControllerTest"/>
  <testcase name="testUpdateUser1" time="0.108" classname="com.hcl.TestProject.test.controller.UserAccessControllerTest"/>
  <testcase name="testClass" time="0.000" classname="com.hcl.TestProject.test.controller.UserAccessControllerTest"/>
  <testcase name="testUserService" time="0.000" classname="com.hcl.TestProject.test.controller.UserAccessControllerTest"/>
</testsuite> <!-- com.hcl.TestProject.test.controller.UserAccessControllerTest -->
