<?xml version="1.0" encoding="UTF-8"?>
<!-- Generated by org.testng.reporters.JUnitReportReporter -->
<testsuite hostname="Hari-PC" name="com.hcl.TestProject.test.controller.UserAccessControllerTest" tests="4" failures="0" timestamp="2 Feb 2017 17:22:29 GMT" time="1.366" errors="0">
  <testcase name="testUpdateUser1" time="0.349" classname="com.hcl.TestProject.test.controller.UserAccessControllerTest"/>
  <testcase name="testClass" time="0.001" classname="com.hcl.TestProject.test.controller.UserAccessControllerTest"/>
  <testcase name="testUserService" time="0.001" classname="com.hcl.TestProject.test.controller.UserAccessControllerTest"/>
  <testcase name="testUpdateUser" time="1.015" classname="com.hcl.TestProject.test.controller.UserAccessControllerTest"/>
</testsuite> <!-- com.hcl.TestProject.test.controller.UserAccessControllerTest -->
