<?xml version="1.0" encoding="UTF-8"?>
<!-- Generated by org.testng.reporters.JUnitReportReporter -->
<testsuite hostname="Hari-PC" name="com.hcl.TestProject.test.HomeControllerTest" tests="3" failures="0" timestamp="27 Jan 2017 10:32:53 GMT" time="0.148" errors="0">
  <testcase name="homeTesting" time="0.012" classname="com.hcl.TestProject.test.HomeControllerTest"/>
  <testcase name="testHome" time="0.134" classname="com.hcl.TestProject.test.HomeControllerTest"/>
  <testcase name="testString" time="0.002" classname="com.hcl.TestProject.test.HomeControllerTest"/>
</testsuite> <!-- com.hcl.TestProject.test.HomeControllerTest -->
